<?xml version="1.0" encoding="UTF-8"?>
<!-- Generated by org.testng.reporters.JUnitReportReporter -->
<testsuite hostname="nw45136" failures="0" tests="4" name="banking.CustomerNGTest" time="0.068" errors="0" timestamp="18 Mar 2021 04:30:14 GMT">
  <testcase classname="banking.CustomerNGTest" name="testGetDob" time="0.003"/>
  <testcase classname="banking.CustomerNGTest" name="testToString" time="0.060"/>
  <testcase classname="banking.CustomerNGTest" name="testGetLastName" time="0.004"/>
  <testcase classname="banking.CustomerNGTest" name="testGetFirstName" time="0.001"/>
</testsuite> <!-- banking.CustomerNGTest -->
